2025-05-16 12:03:57,269 - telegram-bot - INFO - start bot
2025-05-16 12:10:15,428 - telegram-bot - INFO - start bot
2025-05-16 12:12:00,482 - telegram-bot - ERROR - Recognition error: Traceback (most recent call last):
  File "C:\Users\Виктор\PycharmProjects\Project_voice\venv\Lib\site-packages\whisper\audio.py", line 58, in load_audio
    out = run(cmd, capture_output=True, check=True).stdout
          ^^^^^^^^^^^^^^^^^^^^^^^^^^^^^^^^^^^^^^^^^
  File "C:\Users\Виктор\AppData\Local\Programs\Python\Python311\Lib\subprocess.py", line 571, in run
    raise CalledProcessError(retcode, process.args,
subprocess.CalledProcessError: Command '['ffmpeg', '-nostdin', '-threads', '0', '-i', 'audio.mp3', '-f', 's16le', '-ac', '1', '-acodec', 'pcm_s16le', '-ar', '16000', '-']' returned non-zero exit status 4294967294.

The above exception was the direct cause of the following exception:

Traceback (most recent call last):
  File "C:\Users\Виктор\PycharmProjects\Project_voice\main.py", line 72, in buttons
    text = voice_recognizer(language)
           ^^^^^^^^^^^^^^^^^^^^^^^^^^
  File "C:\Users\Виктор\PycharmProjects\Project_voice\main.py", line 84, in voice_recognizer
    result = model.transcribe("audio.mp3", language=language)
             ^^^^^^^^^^^^^^^^^^^^^^^^^^^^^^^^^^^^^^^^^^^^^^^^
  File "C:\Users\Виктор\PycharmProjects\Project_voice\venv\Lib\site-packages\whisper\transcribe.py", line 133, in transcribe
    mel = log_mel_spectrogram(audio, model.dims.n_mels, padding=N_SAMPLES)
          ^^^^^^^^^^^^^^^^^^^^^^^^^^^^^^^^^^^^^^^^^^^^^^^^^^^^^^^^^^^^^^^^
  File "C:\Users\Виктор\PycharmProjects\Project_voice\venv\Lib\site-packages\whisper\audio.py", line 140, in log_mel_spectrogram
    audio = load_audio(audio)
            ^^^^^^^^^^^^^^^^^
  File "C:\Users\Виктор\PycharmProjects\Project_voice\venv\Lib\site-packages\whisper\audio.py", line 60, in load_audio
    raise RuntimeError(f"Failed to load audio: {e.stderr.decode()}") from e
RuntimeError: Failed to load audio: ffmpeg version 7.1.1-essentials_build-www.gyan.dev Copyright (c) 2000-2025 the FFmpeg developers
  built with gcc 14.2.0 (Rev1, Built by MSYS2 project)
  configuration: --enable-gpl --enable-version3 --enable-static --disable-w32threads --disable-autodetect --enable-fontconfig --enable-iconv --enable-gnutls --enable-libxml2 --enable-gmp --enable-bzlib --enable-lzma --enable-zlib --enable-libsrt --enable-libssh --enable-libzmq --enable-avisynth --enable-sdl2 --enable-libwebp --enable-libx264 --enable-libx265 --enable-libxvid --enable-libaom --enable-libopenjpeg --enable-libvpx --enable-mediafoundation --enable-libass --enable-libfreetype --enable-libfribidi --enable-libharfbuzz --enable-libvidstab --enable-libvmaf --enable-libzimg --enable-amf --enable-cuda-llvm --enable-cuvid --enable-dxva2 --enable-d3d11va --enable-d3d12va --enable-ffnvcodec --enable-libvpl --enable-nvdec --enable-nvenc --enable-vaapi --enable-libgme --enable-libopenmpt --enable-libopencore-amrwb --enable-libmp3lame --enable-libtheora --enable-libvo-amrwbenc --enable-libgsm --enable-libopencore-amrnb --enable-libopus --enable-libspeex --enable-libvorbis --enable-librubberband
  libavutil      59. 39.100 / 59. 39.100
  libavcodec     61. 19.101 / 61. 19.101
  libavformat    61.  7.100 / 61.  7.100
  libavdevice    61.  3.100 / 61.  3.100
  libavfilter    10.  4.100 / 10.  4.100
  libswscale      8.  3.100 /  8.  3.100
  libswresample   5.  3.100 /  5.  3.100
  libpostproc    58.  3.100 / 58.  3.100
[in#0 @ 0000025c24bd4bc0] Error opening input: No such file or directory
Error opening input file audio.mp3.
Error opening input files: No such file or directory


2025-05-16 12:14:43,970 - telegram-bot - INFO - stop bot
2025-05-16 12:16:32,937 - telegram-bot - INFO - start bot
2025-05-16 12:19:17,449 - telegram-bot - INFO - start bot
2025-05-16 12:20:12,922 - telegram-bot - INFO - stop bot
2025-05-16 12:20:24,496 - telegram-bot - INFO - start bot
2025-05-16 12:21:13,658 - telegram-bot - INFO - stop bot
2025-05-16 12:21:34,966 - telegram-bot - INFO - start bot
2025-05-16 12:23:33,533 - telegram-bot - INFO - stop bot
2025-05-16 12:35:40,768 - telegram-bot - INFO - Бот запущен
2025-05-16 12:35:40,770 - urllib3.connectionpool - DEBUG - Starting new HTTPS connection (1): api.telegram.org:443
2025-05-16 12:35:41,017 - urllib3.connectionpool - DEBUG - https://api.telegram.org:443 "GET /bot7747571745:AAHLFh-wtJF0zxX3ql-2utVmIWuWzuHicDc/getMe HTTP/1.1" 200 383
2025-05-16 12:35:41,021 - urllib3.connectionpool - DEBUG - Starting new HTTPS connection (1): api.telegram.org:443
2025-05-16 12:35:41,265 - urllib3.connectionpool - DEBUG - https://api.telegram.org:443 "GET /bot7747571745:AAHLFh-wtJF0zxX3ql-2utVmIWuWzuHicDc/getUpdates?offset=1&timeout=20 HTTP/1.1" 200 453
2025-05-16 12:35:41,272 - urllib3.connectionpool - DEBUG - Starting new HTTPS connection (1): api.telegram.org:443
2025-05-16 12:35:41,615 - urllib3.connectionpool - DEBUG - https://api.telegram.org:443 "POST /bot7747571745:AAHLFh-wtJF0zxX3ql-2utVmIWuWzuHicDc/sendMessage?chat_id=1217852426&text=%F0%9F%8E%A4+%2A%D0%93%D0%BE%D0%BB%D0%BE%D1%81%D0%BE%D0%B2%D0%BE%D0%B9+%D0%B1%D0%BE%D1%82%2A%0A%D0%9E%D1%82%D0%BF%D1%80%D0%B0%D0%B2%D1%8C%D1%82%D0%B5+%D0%B3%D0%BE%D0%BB%D0%BE%D1%81%D0%BE%D0%B2%D0%BE%D0%B5+%D1%81%D0%BE%D0%BE%D0%B1%D1%89%D0%B5%D0%BD%D0%B8%D0%B5+%D0%B8%D0%BB%D0%B8+%D0%B0%D1%83%D0%B4%D0%B8%D0%BE%D1%84%D0%B0%D0%B9%D0%BB+%28MP3%2C+WAV%2C+OGG%29%2C+%D0%B8+%D1%8F+%D0%BF%D1%80%D0%B5%D0%BE%D0%B1%D1%80%D0%B0%D0%B7%D1%83%D1%8E+%D0%B5%D0%B3%D0%BE+%D0%B2+%D1%82%D0%B5%D0%BA%D1%81%D1%82.+%D0%90%D0%B2%D1%82%D0%BE%D0%BC%D0%B0%D1%82%D0%B8%D1%87%D0%B5%D1%81%D0%BA%D0%B8+%D0%BE%D0%BF%D1%80%D0%B5%D0%B4%D0%B5%D0%BB%D1%8F%D1%8E+%D1%8F%D0%B7%D1%8B%D0%BA%21%0A%0A%D0%9A%D0%BE%D0%BC%D0%B0%D0%BD%D0%B4%D1%8B%3A%0A%2Fhelp+-+%D1%81%D0%BF%D1%80%D0%B0%D0%B2%D0%BA%D0%B0&parse_mode=Markdown HTTP/1.1" 200 1247
2025-05-16 12:35:53,965 - urllib3.connectionpool - DEBUG - https://api.telegram.org:443 "GET /bot7747571745:AAHLFh-wtJF0zxX3ql-2utVmIWuWzuHicDc/getUpdates?offset=179784168&timeout=20 HTTP/1.1" 200 977
2025-05-16 12:35:53,969 - urllib3.connectionpool - DEBUG - Starting new HTTPS connection (1): api.telegram.org:443
2025-05-16 12:35:54,189 - urllib3.connectionpool - DEBUG - https://api.telegram.org:443 "GET /bot7747571745:AAHLFh-wtJF0zxX3ql-2utVmIWuWzuHicDc/getFile?file_id=AwACAgIAAxkBAANTaCcrkTqSmt0lUfLws64SlvegUtQAAuRyAAK67kFJQJ6hCGdCmEM2BA HTTP/1.1" 200 190
2025-05-16 12:35:54,282 - urllib3.connectionpool - DEBUG - https://api.telegram.org:443 "GET /bot7747571745:AAHLFh-wtJF0zxX3ql-2utVmIWuWzuHicDc/sendChatAction?chat_id=1217852426&action=typing HTTP/1.1" 200 25
2025-05-16 12:35:54,360 - urllib3.connectionpool - DEBUG - https://api.telegram.org:443 "GET /file/bot7747571745:AAHLFh-wtJF0zxX3ql-2utVmIWuWzuHicDc/voice/file_8.oga HTTP/1.1" 200 142755
2025-05-16 12:35:58,557 - urllib3.connectionpool - DEBUG - https://api.telegram.org:443 "POST /bot7747571745:AAHLFh-wtJF0zxX3ql-2utVmIWuWzuHicDc/sendMessage?chat_id=1217852426&text=%F0%9F%94%8A+%2A%D0%A0%D0%B5%D0%B7%D1%83%D0%BB%D1%8C%D1%82%D0%B0%D1%82+%28ru%29%2A%3A%0A%0A+%D0%A2%D1%8B+%D0%BF%D1%80%D0%B0%D0%B2%D0%B4%D0%B0+%D1%82%D0%B0%D0%BA+%D1%81%D1%87%D0%B8%D1%82%D0%B0%D0%B5%D1%88%D1%8C%3F+%D0%9D%D0%B5%D0%B5%D0%B5%D1%82%21+%D0%A1+%D1%87%D0%B5%D0%B3%D0%BE+%D1%82%D1%8B+%D0%B2%D0%B7%D1%8F%D0%BB%3F+%D0%98%D0%B4%D0%B8+%D0%BD%D0%B0%D1%84%D0%B8%D0%B3%21&parse_mode=Markdown&reply_parameters=%7B%22message_id%22%3A+108%7D HTTP/1.1" 200 1754
2025-05-16 12:36:14,046 - urllib3.connectionpool - DEBUG - https://api.telegram.org:443 "GET /bot7747571745:AAHLFh-wtJF0zxX3ql-2utVmIWuWzuHicDc/getUpdates?offset=179784169&timeout=20 HTTP/1.1" 200 23
2025-05-16 12:36:23,922 - urllib3.connectionpool - DEBUG - https://api.telegram.org:443 "GET /bot7747571745:AAHLFh-wtJF0zxX3ql-2utVmIWuWzuHicDc/getUpdates?offset=179784169&timeout=20 HTTP/1.1" 200 452
2025-05-16 12:36:24,044 - urllib3.connectionpool - DEBUG - https://api.telegram.org:443 "POST /bot7747571745:AAHLFh-wtJF0zxX3ql-2utVmIWuWzuHicDc/sendMessage?chat_id=1217852426&text=%E2%9D%93+%2A%D0%9F%D0%BE%D0%BC%D0%BE%D1%89%D1%8C%2A%0A%0A%D0%9F%D0%BE%D0%B4%D0%B4%D0%B5%D1%80%D0%B6%D0%B8%D0%B2%D0%B0%D0%B5%D0%BC%D1%8B%D0%B5+%D1%84%D0%BE%D1%80%D0%BC%D0%B0%D1%82%D1%8B%3A%0A-+%D0%93%D0%BE%D0%BB%D0%BE%D1%81%D0%BE%D0%B2%D1%8B%D0%B5+%D1%81%D0%BE%D0%BE%D0%B1%D1%89%D0%B5%D0%BD%D0%B8%D1%8F%0A-+%D0%90%D1%83%D0%B4%D0%B8%D0%BE%D1%84%D0%B0%D0%B9%D0%BB%D1%8B+%28MP3%2C+WAV%2C+OGG%29%0A%0A%D0%91%D0%BE%D1%82+%D1%80%D0%B0%D0%B1%D0%BE%D1%82%D0%B0%D0%B5%D1%82+%D0%B1%D0%B5%D0%B7+%D1%81%D0%BE%D1%85%D1%80%D0%B0%D0%BD%D0%B5%D0%BD%D0%B8%D1%8F+%D0%B2%D0%B0%D1%88%D0%B8%D1%85+%D0%B4%D0%B0%D0%BD%D0%BD%D1%8B%D1%85.&parse_mode=Markdown HTTP/1.1" 200 1052
2025-05-16 12:36:44,003 - urllib3.connectionpool - DEBUG - https://api.telegram.org:443 "GET /bot7747571745:AAHLFh-wtJF0zxX3ql-2utVmIWuWzuHicDc/getUpdates?offset=179784170&timeout=20 HTTP/1.1" 200 23
2025-05-16 12:37:04,088 - urllib3.connectionpool - DEBUG - https://api.telegram.org:443 "GET /bot7747571745:AAHLFh-wtJF0zxX3ql-2utVmIWuWzuHicDc/getUpdates?offset=179784170&timeout=20 HTTP/1.1" 200 23
2025-05-16 12:37:24,167 - urllib3.connectionpool - DEBUG - https://api.telegram.org:443 "GET /bot7747571745:AAHLFh-wtJF0zxX3ql-2utVmIWuWzuHicDc/getUpdates?offset=179784170&timeout=20 HTTP/1.1" 200 23
2025-05-16 12:37:44,252 - urllib3.connectionpool - DEBUG - https://api.telegram.org:443 "GET /bot7747571745:AAHLFh-wtJF0zxX3ql-2utVmIWuWzuHicDc/getUpdates?offset=179784170&timeout=20 HTTP/1.1" 200 23
2025-05-16 12:37:53,268 - TeleBot - ERROR - Infinity polling: polling exited
2025-05-16 12:37:53,269 - TeleBot - ERROR - Break infinity polling
